<?xml version="1.0" encoding="UTF-8"?>
<!-- Generated by org.testng.reporters.JUnitXMLReporter -->
<testsuite ignored="0" hostname="IBM-965GDN3" failures="1" tests="2" name="Test" time="156.093" errors="0" timestamp="09 Jan 2024 05:29:10 GMT">
  <testcase classname="appium.MobileTesting.Logintest" name="testAppium1" time="156.069">
    <failure type="org.openqa.selenium.TimeoutException" message="Expected condition failed: waiting for element to be clickable: By.xpath: //android.widget.LinearLayout[@resource-id=&amp;apos;cx.indianoil.in:id/locateus_layout&amp;apos;]/android.widget.ImageView (tried for 60 second(s) with 500 milliseconds interval)
Build info: version: &amp;apos;4.16.1&amp;apos;, revision: &amp;apos;9b4c83354e&amp;apos;
System info: os.name: &amp;apos;Windows 11&amp;apos;, os.arch: &amp;apos;amd64&amp;apos;, os.version: &amp;apos;10.0&amp;apos;, java.version: &amp;apos;11.0.20&amp;apos;
Driver info: io.appium.java_client.android.AndroidDriver
Capabilities {appium:app: C://Users//0047HE744//Deskt..., appium:appPackage: cx.indianoil.in, appium:autoGrantPermissions: true, appium:automationName: UIAutomator2, appium:databaseEnabled: false, appium:desired: {app: C://Users//0047HE744//Deskt..., autoGrantPermissions: true, automationName: UIAutomator2, deviceName: emulatortest2, locationCoordinate: 28.47, 77.05, platformName: ANDROID}, appium:deviceApiLevel: 34, appium:deviceManufacturer: Google, appium:deviceModel: sdk_gphone64_x86_64, appium:deviceName: emulator-5554, appium:deviceScreenDensity: 560, appium:deviceScreenSize: 1440x3040, appium:deviceUDID: emulator-5554, appium:javascriptEnabled: true, appium:locationContextEnabled: false, appium:locationCoordinate: 28.47, 77.05, appium:networkConnectionEnabled: true, appium:pixelRatio: 3.5, appium:platformVersion: 14, appium:statBarHeight: 98, appium:takesScreenshot: true, appium:viewportRect: {height: 2858, left: 0, top: 98, width: 1440}, appium:warnings: {}, appium:webStorageEnabled: false, platformName: ANDROID}
Session ID: 5a786b80-3295-40f8-aca6-b71a53afca55">
      <![CDATA[org.openqa.selenium.TimeoutException: Expected condition failed: waiting for element to be clickable: By.xpath: //android.widget.LinearLayout[@resource-id='cx.indianoil.in:id/locateus_layout']/android.widget.ImageView (tried for 60 second(s) with 500 milliseconds interval)
Build info: version: '4.16.1', revision: '9b4c83354e'
System info: os.name: 'Windows 11', os.arch: 'amd64', os.version: '10.0', java.version: '11.0.20'
Driver info: io.appium.java_client.android.AndroidDriver
Capabilities {appium:app: C://Users//0047HE744//Deskt..., appium:appPackage: cx.indianoil.in, appium:autoGrantPermissions: true, appium:automationName: UIAutomator2, appium:databaseEnabled: false, appium:desired: {app: C://Users//0047HE744//Deskt..., autoGrantPermissions: true, automationName: UIAutomator2, deviceName: emulatortest2, locationCoordinate: 28.47, 77.05, platformName: ANDROID}, appium:deviceApiLevel: 34, appium:deviceManufacturer: Google, appium:deviceModel: sdk_gphone64_x86_64, appium:deviceName: emulator-5554, appium:deviceScreenDensity: 560, appium:deviceScreenSize: 1440x3040, appium:deviceUDID: emulator-5554, appium:javascriptEnabled: true, appium:locationContextEnabled: false, appium:locationCoordinate: 28.47, 77.05, appium:networkConnectionEnabled: true, appium:pixelRatio: 3.5, appium:platformVersion: 14, appium:statBarHeight: 98, appium:takesScreenshot: true, appium:viewportRect: {height: 2858, left: 0, top: 98, width: 1440}, appium:warnings: {}, appium:webStorageEnabled: false, platformName: ANDROID}
Session ID: 5a786b80-3295-40f8-aca6-b71a53afca55
at org.openqa.selenium.support.ui.WebDriverWait.timeoutException(WebDriverWait.java:84)
at org.openqa.selenium.support.ui.FluentWait.until(FluentWait.java:229)
at appium.MobileTesting.MobileActions.getWhenVisible(MobileActions.java:29)
at appium.MobileTesting.MobileUI.btn_locateus(MobileUI.java:44)
at appium.MobileTesting.MobileActions.login(MobileActions.java:98)
at appium.MobileTesting.Logintest.testAppium1(Logintest.java:26)
... Removed 29 stack frames]]>
    </failure>
  </testcase> <!-- testAppium1 -->
  <testcase classname="appium.MobileTesting.Logintest" name="testAppium2" time="0.0"/>
</testsuite> <!-- Test -->
