<?xml version="1.0" encoding="UTF-8"?>
<!-- Generated by org.testng.reporters.JUnitXMLReporter -->
<testsuite ignored="0" hostname="IBM-965GDN3" failures="1" tests="1" name="Test" time="62.724" errors="0" timestamp="11 Mar 2024 10:25:56 GMT">
  <testcase classname="appium.MobileTesting.Logintest" name="testAppium1" time="62.694">
    <failure type="org.openqa.selenium.WebDriverException" message="An unknown server-side error occurred while processing the command. Original error: Error executing adbExec. Original error: &amp;apos;Command &amp;apos;C:\\Users\\0047HE744\\AppData\\Local\\Android\\Sdk\\platform-tools\\adb.exe -P 5037 -s emulator-5554 pull /sdcard/564b82c9.mp4 C:\\Users\\0047HE~1\\AppData\\Local\\Temp\\2024211-8224-1xqktf7.6c2v\\564b82c9.mp4&amp;apos; exited with code 1&amp;apos;; Command output: adb: error: failed to get feature set: device offline

Build info: version: &amp;apos;4.18.1&amp;apos;, revision: &amp;apos;b1d3319b48&amp;apos;
System info: os.name: &amp;apos;Windows 11&amp;apos;, os.arch: &amp;apos;amd64&amp;apos;, os.version: &amp;apos;10.0&amp;apos;, java.version: &amp;apos;17.0.10&amp;apos;
Driver info: io.appium.java_client.android.AndroidDriver
Command: [ca552690-d3eb-4961-8080-c441d9a41067, stopRecordingScreen {}]
Capabilities {appium:app: C:\Users\0047HE744\Desktop\..., appium:appPackage: cx.indianoil.in, appium:autoGrantPermissions: true, appium:automationName: UIAutomator2, appium:databaseEnabled: false, appium:desired: {app: C:\Users\0047HE744\Desktop\..., autoGrantPermissions: true, automationName: UIAutomator2, deviceName: emulatortest2, platformName: ANDROID}, appium:deviceApiLevel: 34, appium:deviceManufacturer: Google, appium:deviceModel: sdk_gphone64_x86_64, appium:deviceName: emulator-5554, appium:deviceScreenDensity: 560, appium:deviceScreenSize: 1440x3040, appium:deviceUDID: emulator-5554, appium:javascriptEnabled: true, appium:locationContextEnabled: false, appium:networkConnectionEnabled: true, appium:pixelRatio: 3.5, appium:platformVersion: 14, appium:statBarHeight: 98, appium:takesScreenshot: true, appium:viewportRect: {height: 2858, left: 0, top: 98, width: 1440}, appium:warnings: {}, appium:webStorageEnabled: false, platformName: ANDROID}
Session ID: ca552690-d3eb-4961-8080-c441d9a41067">
      <![CDATA[org.openqa.selenium.WebDriverException: An unknown server-side error occurred while processing the command. Original error: Error executing adbExec. Original error: 'Command 'C:\\Users\\0047HE744\\AppData\\Local\\Android\\Sdk\\platform-tools\\adb.exe -P 5037 -s emulator-5554 pull /sdcard/564b82c9.mp4 C:\\Users\\0047HE~1\\AppData\\Local\\Temp\\2024211-8224-1xqktf7.6c2v\\564b82c9.mp4' exited with code 1'; Command output: adb: error: failed to get feature set: device offline

Build info: version: '4.18.1', revision: 'b1d3319b48'
System info: os.name: 'Windows 11', os.arch: 'amd64', os.version: '10.0', java.version: '17.0.10'
Driver info: io.appium.java_client.android.AndroidDriver
Command: [ca552690-d3eb-4961-8080-c441d9a41067, stopRecordingScreen {}]
Capabilities {appium:app: C:\Users\0047HE744\Desktop\..., appium:appPackage: cx.indianoil.in, appium:autoGrantPermissions: true, appium:automationName: UIAutomator2, appium:databaseEnabled: false, appium:desired: {app: C:\Users\0047HE744\Desktop\..., autoGrantPermissions: true, automationName: UIAutomator2, deviceName: emulatortest2, platformName: ANDROID}, appium:deviceApiLevel: 34, appium:deviceManufacturer: Google, appium:deviceModel: sdk_gphone64_x86_64, appium:deviceName: emulator-5554, appium:deviceScreenDensity: 560, appium:deviceScreenSize: 1440x3040, appium:deviceUDID: emulator-5554, appium:javascriptEnabled: true, appium:locationContextEnabled: false, appium:networkConnectionEnabled: true, appium:pixelRatio: 3.5, appium:platformVersion: 14, appium:statBarHeight: 98, appium:takesScreenshot: true, appium:viewportRect: {height: 2858, left: 0, top: 98, width: 1440}, appium:warnings: {}, appium:webStorageEnabled: false, platformName: ANDROID}
Session ID: ca552690-d3eb-4961-8080-c441d9a41067
at org.openqa.selenium.remote.codec.w3c.W3CHttpResponseCodec.createException(W3CHttpResponseCodec.java:200)
at org.openqa.selenium.remote.codec.w3c.W3CHttpResponseCodec.decode(W3CHttpResponseCodec.java:133)
at org.openqa.selenium.remote.codec.w3c.W3CHttpResponseCodec.decode(W3CHttpResponseCodec.java:52)
at org.openqa.selenium.remote.HttpCommandExecutor.execute(HttpCommandExecutor.java:191)
at io.appium.java_client.remote.AppiumCommandExecutor.execute(AppiumCommandExecutor.java:238)
at org.openqa.selenium.remote.RemoteWebDriver.execute(RemoteWebDriver.java:523)
at org.openqa.selenium.remote.RemoteWebDriver.execute(RemoteWebDriver.java:596)
at io.appium.java_client.AppiumDriver.execute(AppiumDriver.java:307)
at io.appium.java_client.screenrecording.CanRecordScreen.stopRecordingScreen(CanRecordScreen.java:72)
at appium.MobileTesting.MobileActions.stopRecording(MobileActions.java:154)
at appium.MobileTesting.MobileActions.login(MobileActions.java:145)
at appium.MobileTesting.Logintest.testAppium1(Logintest.java:44)
... Removed 34 stack frames]]>
    </failure>
  </testcase> <!-- testAppium1 -->
</testsuite> <!-- Test -->
