<?xml version="1.0" encoding="UTF-8"?>
<testng-results ignored="0" total="1" passed="1" failed="0" skipped="0">
  <reporter-output>
  </reporter-output>
  <suite started-at="2024-01-09T08:48:08Z" name="Suite" finished-at="2024-01-09T08:49:06Z" duration-ms="58473">
    <groups>
    </groups>
    <test started-at="2024-01-09T08:48:08Z" name="Test" finished-at="2024-01-09T08:49:06Z" duration-ms="58473">
      <class name="appium.MobileTesting.Logintest">
        <test-method signature="testAppium1()[pri:0, instance:appium.MobileTesting.Logintest@63eef88a]" started-at="2024-01-09T08:48:08Z" name="testAppium1" finished-at="2024-01-09T08:49:06Z" duration-ms="58455" status="PASS">
          <reporter-output>
          </reporter-output>
        </test-method> <!-- testAppium1 -->
      </class> <!-- appium.MobileTesting.Logintest -->
    </test> <!-- Test -->
  </suite> <!-- Suite -->
</testng-results>
