<?xml version="1.0" encoding="UTF-8"?>
<testng-results ignored="0" total="1" passed="1" failed="0" skipped="0">
  <reporter-output>
  </reporter-output>
  <suite started-at="2023-12-31T09:34:19Z" name="Default suite" finished-at="2023-12-31T09:38:02Z" duration-ms="223789">
    <groups>
    </groups>
    <test started-at="2023-12-31T09:34:19Z" name="Default test" finished-at="2023-12-31T09:38:02Z" duration-ms="223789">
      <class name="appium.MobileTesting.Logintest">
        <test-method signature="appiumtest1()[pri:0, instance:appium.MobileTesting.Logintest@7daa0fbd]" started-at="2023-12-31T09:34:19Z" name="appiumtest1" finished-at="2023-12-31T09:38:02Z" duration-ms="223772" status="PASS">
          <reporter-output>
          </reporter-output>
        </test-method> <!-- appiumtest1 -->
      </class> <!-- appium.MobileTesting.Logintest -->
    </test> <!-- Default test -->
  </suite> <!-- Default suite -->
</testng-results>
